<?xml version="1.0" encoding="UTF-8"?>
<!-- Generated by org.testng.reporters.JUnitReportReporter -->
<testsuite skipped="0" hostname="Embrys-MacBook-Pro-2.local" name="tests.Test01_Get" tests="1" failures="0" timestamp="14 Apr 2022 11:09:00 GMT" time="2.392" errors="0">
  <testcase name="test" time="2.392" classname="tests.Test01_Get"/>
</testsuite> <!-- tests.Test01_Get -->
